042db7d7-eb79-486b-b0e9-1f59ee80cda4 X timestamp=1656442078s
06ca71d6-cbed-4b4a-9d41-3265832cc58e X timestamp=1663684196s
07bf6317-bbf9-4bed-8afd-4f4dc2914655 X timestamp=1663684196s
0817994b-a48b-41b3-bc40-addb9030e843 X timestamp=1663684196s
08d2d906-ac2c-4182-ba4f-0d924922ff15 X timestamp=1663684196s
0b979cbd-589c-4689-9aac-2f7d833500cd X timestamp=1663684196s
1740d07b-1268-48d7-94dc-a3cee1859cce X timestamp=1112911999s
1b0a8449-b0d2-44f8-a258-cfaaed8399b9 X timestamp=1663684196s
2170e29a-270d-4818-a9de-39e0bfee65b1 X timestamp=1654609788s
238c04b4-dd19-401a-bbe8-fa4dbdb68311 X timestamp=1663684196s
2a3f3241-ee05-4cfa-8a21-de7bd0f58083 X timestamp=1112911999s
32d88d03-40bb-4c96-aed7-e3ecb096e400 X timestamp=1663684196s
35919b29-3072-428b-b00a-aa769830945a X timestamp=1663684196s
5ab1ac91-a03a-4631-93a9-6b2c50375307 X timestamp=1663684196s
5b3409fc-a0f9-4615-9976-bb63addd4b76 X timestamp=1663684196s
63b592b0-16cd-4663-89b5-6b9009c2b112 X timestamp=1112911999s
64bea9f4-cd80-4514-aacf-de30fb51b9d4 X timestamp=1663684196s
6a81b094-bbdd-4d2e-b585-6185d8290beb X timestamp=1663684196s
6e2f4614-5d94-4a61-8ee7-5f0ab838038d X timestamp=1663613808.857836436s
764ced09-ceb2-48b4-b59f-07ccd2463331 X timestamp=1663684196s
7b44122d-6c8c-48d8-b5ba-afd8338c6dec X timestamp=1663684196s
7b9a6cdb-bb5c-477e-a3a4-74bf446363b2 X timestamp=1656442078s
86cfd86f-abfc-4320-a3c7-e849229a95e4 X timestamp=1653684355s
913205a2-0e95-49ab-ab0d-ef54700380f0 X timestamp=1663684196s
a034b4bb-26c4-49ac-99d0-cc0f71c936f9 X timestamp=1653684355s
a3b4525b-a9fe-45ce-a5f9-3a0ab23da256 X timestamp=1663684196s
a3e0e083-fc76-42a6-bb3c-ca730f07ae35 X timestamp=1669906055.27345914s
a8a6750b-058f-405c-8053-4da220b68401 X timestamp=1663684196s
ad8373f6-56ec-4735-a465-aaebdd8ea55f X timestamp=1663684196s
b7932327-e787-4825-b6f0-308c489a91b3 X timestamp=1670864059.079070176s
bd97a3e6-edd3-4f88-b8b7-7f85f143decb X timestamp=1112911999s
c0a8f3a7-88c9-424d-b466-7a6bd3a218f8 X timestamp=1663684196s
c7c599e1-b0b6-4c4b-9733-e2cbff5bbfb1 X timestamp=1653684355s
d87e68d5-4bcf-4806-923b-7f9c13aeb163 X timestamp=1663684196s
deec276b-f978-4320-8eda-d29bc9721aad X timestamp=1679966498.846092661s
df5a84cf-12f4-4747-8f5f-00f3ca0d9325 X timestamp=1663684196s
e1f8429e-d061-4fa4-bb01-7d8f51309d2b X timestamp=1663684196s
e51c41fd-31ca-4945-ace2-9b196d95e02b X timestamp=1663684196s
eb3673ce-75ab-43d0-b2fe-bb5ea5fdce08 X timestamp=1663684196s
f091befe-5ec0-4c37-8c39-f1ffe950b587 X timestamp=1663684196s
f148cb58-53cd-4c5c-b2d5-c3f8d5c51a04 X timestamp=1653684355s
f2500d00-dc4a-43c4-bb99-34346a0b26ea X timestamp=1663684196s
f73fdebf-94f8-4a81-9b2d-27d43d5cd3c0 X timestamp=1669910016.794675563s
